#
# There is insufficient memory for the Java Runtime Environment to continue.
# Native memory allocation (malloc) failed to allocate 67624 bytes. Error detail: Chunk::new
# Possible reasons:
#   The system is out of physical RAM or swap space
#   This process is running with CompressedOops enabled, and the Java Heap may be blocking the growth of the native heap
# Possible solutions:
#   Reduce memory load on the system
#   Increase physical memory or swap space
#   Check if swap backing store is full
#   Decrease Java heap size (-Xmx/-Xms)
#   Decrease number of Java threads
#   Decrease Java thread stack sizes (-Xss)
#   Set larger code cache with -XX:ReservedCodeCacheSize=
#   JVM is running with Unscaled Compressed Oops mode in which the Java heap is
#     placed in the first 4GB address space. The Java Heap base address is the
#     maximum limit for the native heap growth. Please use -XX:HeapBaseMinAddress
#     to set the Java Heap base and to place the Java Heap above 4GB virtual address.
# This output file may be truncated or incomplete.
#
#  Out of Memory Error (arena.cpp:186), pid=8128, tid=18088
#
# JRE version: Java(TM) SE Runtime Environment (25.0.1+8) (build 25.0.1+8-LTS-27)
# Java VM: Java HotSpot(TM) 64-Bit Server VM (25.0.1+8-LTS-27, mixed mode, sharing, tiered, compressed oops, compressed class ptrs, g1 gc, windows-amd64)
# No core dump will be written. Minidumps are not enabled by default on client versions of Windows
#

---------------  S U M M A R Y ------------

Command Line: -Dfile.encoding=UTF-8 --module-path=D:\Netbeans Projects\Java\Discrete_HexToOctal\build\classes HexadecimalToOctal

Host: Intel(R) Core(TM) i5-7200U CPU @ 2.50GHz, 4 cores, 7G,  Windows 10 , 64 bit Build 19041 (10.0.19041.5915)
Time: Fri Nov  7 22:15:49 2025 Malay Peninsula Standard Time elapsed time: 207.917210 seconds (0d 0h 3m 27s)

---------------  T H R E A D  ---------------

Current thread (0x00000198c81004e0):  JavaThread "C2 CompilerThread0" daemon [_thread_in_native, id=18088, stack(0x00000023a6500000,0x00000023a6600000) (1024K)]


Current CompileTask:
C2:207917 1576 %     4       java.awt.LinearGradientPaintContext::fillRaster @ 50 (97 bytes)

Stack: [0x00000023a6500000,0x00000023a6600000]
Native frames: (J=compiled Java code, j=interpreted, Vv=VM code, C=native code)
V  [jvm.dll+0x7a6b59]  (no source info available)
V  [jvm.dll+0x77290d]  (no source info available)
V  [jvm.dll+0x966153]  (no source info available)
V  [jvm.dll+0x968751]  (no source info available)
V  [jvm.dll+0x968e53]  (no source info available)
V  [jvm.dll+0x2fc756]  (no source info available)
V  [jvm.dll+0x111b26]  (no source info available)
V  [jvm.dll+0x111e4e]  (no source info available)
V  [jvm.dll+0x381801]  (no source info available)
V  [jvm.dll+0x6b8bd9]  (no source info available)
V  [jvm.dll+0x2c9bfa]  (no source info available)
V  [jvm.dll+0x2c2210]  (no source info available)
V  [jvm.dll+0x2bf995]  (no source info available)
V  [jvm.dll+0x237b60]  (no source info available)
V  [jvm.dll+0x2cfb56]  (no source info available)
V  [jvm.dll+0x2cddd5]  (no source info available)
V  [jvm.dll+0x48e6d1]  (no source info available)
V  [jvm.dll+0x906a0d]  (no source info available)
V  [jvm.dll+0x7a5135]  (no source info available)
C  [ucrtbase.dll+0x21bb2]  (no source info available)
C  [KERNEL32.DLL+0x17374]  (no source info available)
C  [ntdll.dll+0x4cc91]  (no source info available)

Lock stack of current Java thread (top to bottom):


---------------  P R O C E S S  ---------------

Threads class SMR info:
_java_thread_list=0x00000198c8d9acd0, length=16, elements={
0x00000198c80eccd0, 0x00000198c80edb30, 0x00000198c80f1660, 0x00000198c80f3640,
0x00000198c80f4200, 0x00000198c80fd5e0, 0x00000198c81004e0, 0x00000198c8104dc0,
0x00000198c8203d70, 0x00000198c827abf0, 0x00000198c8a9b2f0, 0x00000198c895f370,
0x00000198c8961b40, 0x00000198c8b492f0, 0x00000198abc6ef60, 0x00000198c8d9b250
}

Java Threads: ( => current thread )
  0x00000198c80eccd0 JavaThread "Reference Handler"          daemon [_thread_blocked, id=13456, stack(0x00000023a5f00000,0x00000023a6000000) (1024K)]
  0x00000198c80edb30 JavaThread "Finalizer"                  daemon [_thread_blocked, id=13584, stack(0x00000023a6000000,0x00000023a6100000) (1024K)]
  0x00000198c80f1660 JavaThread "Signal Dispatcher"          daemon [_thread_blocked, id=8272, stack(0x00000023a6100000,0x00000023a6200000) (1024K)]
  0x00000198c80f3640 JavaThread "Attach Listener"            daemon [_thread_blocked, id=6248, stack(0x00000023a6200000,0x00000023a6300000) (1024K)]
  0x00000198c80f4200 JavaThread "Service Thread"             daemon [_thread_blocked, id=2300, stack(0x00000023a6300000,0x00000023a6400000) (1024K)]
  0x00000198c80fd5e0 JavaThread "Monitor Deflation Thread"   daemon [_thread_blocked, id=2428, stack(0x00000023a6400000,0x00000023a6500000) (1024K)]
=>0x00000198c81004e0 JavaThread "C2 CompilerThread0"         daemon [_thread_in_native, id=18088, stack(0x00000023a6500000,0x00000023a6600000) (1024K)]
  0x00000198c8104dc0 JavaThread "C1 CompilerThread0"         daemon [_thread_in_native, id=7116, stack(0x00000023a6600000,0x00000023a6700000) (1024K)]
  0x00000198c8203d70 JavaThread "Common-Cleaner"             daemon [_thread_blocked, id=17936, stack(0x00000023a6700000,0x00000023a6800000) (1024K)]
  0x00000198c827abf0 JavaThread "Notification Thread"        daemon [_thread_blocked, id=16168, stack(0x00000023a6800000,0x00000023a6900000) (1024K)]
  0x00000198c8a9b2f0 JavaThread "Java2D Disposer"            daemon [_thread_blocked, id=7796, stack(0x00000023a6900000,0x00000023a6a00000) (1024K)]
  0x00000198c895f370 JavaThread "AWT-Shutdown"                      [_thread_blocked, id=5592, stack(0x00000023a6a00000,0x00000023a6b00000) (1024K)]
  0x00000198c8961b40 JavaThread "AWT-Windows"                daemon [_thread_in_native, id=13580, stack(0x00000023a6b00000,0x00000023a6c00000) (1024K)]
  0x00000198c8b492f0 JavaThread "AWT-EventQueue-0"                  [_thread_blocked, id=3276, stack(0x00000023a6c00000,0x00000023a6d00000) (1024K)]
  0x00000198abc6ef60 JavaThread "DestroyJavaVM"                     [_thread_blocked, id=17268, stack(0x00000023a5700000,0x00000023a5800000) (1024K)]
  0x00000198c8d9b250 JavaThread "TimerQueue"                 daemon [_thread_blocked, id=17808, stack(0x00000023a7000000,0x00000023a7100000) (1024K)]
Total: 16

Other Threads:
  0x00000198abd3cff0 VMThread "VM Thread"                           [id=13356, stack(0x00000023a5e00000,0x00000023a5f00000) (1024K)]
  0x00000198abd30900 WatcherThread "VM Periodic Task Thread"        [id=1380, stack(0x00000023a5d00000,0x00000023a5e00000) (1024K)]
  0x00000198abccbcc0 WorkerThread "GC Thread#0"                     [id=14848, stack(0x00000023a5800000,0x00000023a5900000) (1024K)]
  0x00000198abce4970 ConcurrentGCThread "G1 Main Marker"            [id=12200, stack(0x00000023a5900000,0x00000023a5a00000) (1024K)]
  0x00000198abce5510 WorkerThread "G1 Conc#0"                       [id=14988, stack(0x00000023a5a00000,0x00000023a5b00000) (1024K)]
  0x00000198abd1f110 ConcurrentGCThread "G1 Refine#0"               [id=9812, stack(0x00000023a5b00000,0x00000023a5c00000) (1024K)]
  0x00000198abd21c30 ConcurrentGCThread "G1 Service"                [id=14884, stack(0x00000023a5c00000,0x00000023a5d00000) (1024K)]
Total: 7

Threads with active compile tasks:
C2 CompilerThread0  208077 1576 %     4       java.awt.LinearGradientPaintContext::fillRaster @ 50 (97 bytes)
C1 CompilerThread0  208077 1573       3       sun.font.FontUtilities::isDefaultIgnorable (338 bytes)
Total: 2

VM state: not at safepoint (normal execution)

VM Mutex/Monitor currently owned by a thread: None

Heap address: 0x0000000081e00000, size: 2018 MB, Compressed Oops mode: 32-bit

CDS archive(s) mapped at: [0x000000001a000000-0x000000001add0000-0x000000001add0000), size 14483456, SharedBaseAddress: 0x000000001a000000, ArchiveRelocationMode: 1.
Compressed class space mapped at: 0x000000001b000000-0x000000005b000000, reserved size: 1073741824
UseCompressedClassPointers 1, UseCompactObjectHeaders 0
Narrow klass pointer bits 32, Max shift 3
Narrow klass base: 0x000000001a000000, Narrow klass shift: 0
Encoding Range: [0x000000001a000000 - 0x000000011a000000), (4294967296 bytes)
Klass Range:    [0x000000001a010000 - 0x000000005b000000), (1090453504 bytes)
Klass ID Range:  [65536 - 1090519033) (1090453497)
Protection zone: [0x000000001a000000 - 0x000000001a010000), (65536 bytes)

GC Precious Log:
 CardTable entry size: 512
 Card Set container configuration: InlinePtr #cards 5 size 8 Array Of Cards #cards 10 size 36 Howl #buckets 4 coarsen threshold 1843 Howl Bitmap #cards 512 size 80 coarsen threshold 460 Card regions per heap region 1 cards per card region 2048
 CPUs: 4 total, 4 available
 Memory: 8066M
 Large Page Support: Disabled
 NUMA Support: Disabled
 Compressed Oops: Enabled (32-bit)
 Heap Region Size: 1M
 Heap Min Capacity: 8M
 Heap Initial Capacity: 128M
 Heap Max Capacity: 2018M
 Pre-touch: Disabled
 Parallel Workers: 4
 Concurrent Workers: 1
 Concurrent Refinement Workers: 4
 Periodic GC: Disabled

Heap:
 garbage-first heap   total reserved 2066432K, committed 133120K, used 18581K [0x0000000081e00000, 0x0000000100000000)
  region size 1024K, 16 young (16384K), 0 survivors (0K)

Heap Regions: E=young(eden), S=young(survivor), O=old, HS=humongous(starts), HC=humongous(continues), CS=collection set, F=free, TAMS=top-at-mark-start, PB=parsable bottom
|   0|0x0000000081e00000, 0x0000000081f00000, 0x0000000081f00000|100%|HS|  |TAMS 0x0000000081e00000| PB 0x0000000081e00000| Complete |  0
|   1|0x0000000081f00000, 0x0000000082000000, 0x0000000082000000|100%|HS|  |TAMS 0x0000000081f00000| PB 0x0000000081f00000| Complete |  0
|   2|0x0000000082000000, 0x0000000082000000, 0x0000000082100000|  0%| F|  |TAMS 0x0000000082000000| PB 0x0000000082000000| Untracked |  0
|   3|0x0000000082100000, 0x0000000082100000, 0x0000000082200000|  0%| F|  |TAMS 0x0000000082100000| PB 0x0000000082100000| Untracked |  0
|   4|0x0000000082200000, 0x0000000082200000, 0x0000000082300000|  0%| F|  |TAMS 0x0000000082200000| PB 0x0000000082200000| Untracked |  0
|   5|0x0000000082300000, 0x0000000082300000, 0x0000000082400000|  0%| F|  |TAMS 0x0000000082300000| PB 0x0000000082300000| Untracked |  0
|   6|0x0000000082400000, 0x0000000082400000, 0x0000000082500000|  0%| F|  |TAMS 0x0000000082400000| PB 0x0000000082400000| Untracked |  0
|   7|0x0000000082500000, 0x0000000082500000, 0x0000000082600000|  0%| F|  |TAMS 0x0000000082500000| PB 0x0000000082500000| Untracked |  0
|   8|0x0000000082600000, 0x0000000082600000, 0x0000000082700000|  0%| F|  |TAMS 0x0000000082600000| PB 0x0000000082600000| Untracked |  0
|   9|0x0000000082700000, 0x0000000082700000, 0x0000000082800000|  0%| F|  |TAMS 0x0000000082700000| PB 0x0000000082700000| Untracked |  0
|  10|0x0000000082800000, 0x0000000082800000, 0x0000000082900000|  0%| F|  |TAMS 0x0000000082800000| PB 0x0000000082800000| Untracked |  0
|  11|0x0000000082900000, 0x0000000082900000, 0x0000000082a00000|  0%| F|  |TAMS 0x0000000082900000| PB 0x0000000082900000| Untracked |  0
|  12|0x0000000082a00000, 0x0000000082a00000, 0x0000000082b00000|  0%| F|  |TAMS 0x0000000082a00000| PB 0x0000000082a00000| Untracked |  0
|  13|0x0000000082b00000, 0x0000000082b00000, 0x0000000082c00000|  0%| F|  |TAMS 0x0000000082b00000| PB 0x0000000082b00000| Untracked |  0
|  14|0x0000000082c00000, 0x0000000082c00000, 0x0000000082d00000|  0%| F|  |TAMS 0x0000000082c00000| PB 0x0000000082c00000| Untracked |  0
|  15|0x0000000082d00000, 0x0000000082d00000, 0x0000000082e00000|  0%| F|  |TAMS 0x0000000082d00000| PB 0x0000000082d00000| Untracked |  0
|  16|0x0000000082e00000, 0x0000000082e00000, 0x0000000082f00000|  0%| F|  |TAMS 0x0000000082e00000| PB 0x0000000082e00000| Untracked |  0
|  17|0x0000000082f00000, 0x0000000082f00000, 0x0000000083000000|  0%| F|  |TAMS 0x0000000082f00000| PB 0x0000000082f00000| Untracked |  0
|  18|0x0000000083000000, 0x0000000083000000, 0x0000000083100000|  0%| F|  |TAMS 0x0000000083000000| PB 0x0000000083000000| Untracked |  0
|  19|0x0000000083100000, 0x0000000083100000, 0x0000000083200000|  0%| F|  |TAMS 0x0000000083100000| PB 0x0000000083100000| Untracked |  0
|  20|0x0000000083200000, 0x0000000083200000, 0x0000000083300000|  0%| F|  |TAMS 0x0000000083200000| PB 0x0000000083200000| Untracked |  0
|  21|0x0000000083300000, 0x0000000083300000, 0x0000000083400000|  0%| F|  |TAMS 0x0000000083300000| PB 0x0000000083300000| Untracked |  0
|  22|0x0000000083400000, 0x0000000083400000, 0x0000000083500000|  0%| F|  |TAMS 0x0000000083400000| PB 0x0000000083400000| Untracked |  0
|  23|0x0000000083500000, 0x0000000083500000, 0x0000000083600000|  0%| F|  |TAMS 0x0000000083500000| PB 0x0000000083500000| Untracked |  0
|  24|0x0000000083600000, 0x0000000083600000, 0x0000000083700000|  0%| F|  |TAMS 0x0000000083600000| PB 0x0000000083600000| Untracked |  0
|  25|0x0000000083700000, 0x0000000083700000, 0x0000000083800000|  0%| F|  |TAMS 0x0000000083700000| PB 0x0000000083700000| Untracked |  0
|  26|0x0000000083800000, 0x0000000083800000, 0x0000000083900000|  0%| F|  |TAMS 0x0000000083800000| PB 0x0000000083800000| Untracked |  0
|  27|0x0000000083900000, 0x0000000083900000, 0x0000000083a00000|  0%| F|  |TAMS 0x0000000083900000| PB 0x0000000083900000| Untracked |  0
|  28|0x0000000083a00000, 0x0000000083a00000, 0x0000000083b00000|  0%| F|  |TAMS 0x0000000083a00000| PB 0x0000000083a00000| Untracked |  0
|  29|0x0000000083b00000, 0x0000000083b00000, 0x0000000083c00000|  0%| F|  |TAMS 0x0000000083b00000| PB 0x0000000083b00000| Untracked |  0
|  30|0x0000000083c00000, 0x0000000083c00000, 0x0000000083d00000|  0%| F|  |TAMS 0x0000000083c00000| PB 0x0000000083c00000| Untracked |  0
|  31|0x0000000083d00000, 0x0000000083d00000, 0x0000000083e00000|  0%| F|  |TAMS 0x0000000083d00000| PB 0x0000000083d00000| Untracked |  0
|  32|0x0000000083e00000, 0x0000000083e00000, 0x0000000083f00000|  0%| F|  |TAMS 0x0000000083e00000| PB 0x0000000083e00000| Untracked |  0
|  33|0x0000000083f00000, 0x0000000083f00000, 0x0000000084000000|  0%| F|  |TAMS 0x0000000083f00000| PB 0x0000000083f00000| Untracked |  0
|  34|0x0000000084000000, 0x0000000084000000, 0x0000000084100000|  0%| F|  |TAMS 0x0000000084000000| PB 0x0000000084000000| Untracked |  0
|  35|0x0000000084100000, 0x0000000084100000, 0x0000000084200000|  0%| F|  |TAMS 0x0000000084100000| PB 0x0000000084100000| Untracked |  0
|  36|0x0000000084200000, 0x0000000084200000, 0x0000000084300000|  0%| F|  |TAMS 0x0000000084200000| PB 0x0000000084200000| Untracked |  0
|  37|0x0000000084300000, 0x0000000084300000, 0x0000000084400000|  0%| F|  |TAMS 0x0000000084300000| PB 0x0000000084300000| Untracked |  0
|  38|0x0000000084400000, 0x0000000084400000, 0x0000000084500000|  0%| F|  |TAMS 0x0000000084400000| PB 0x0000000084400000| Untracked |  0
|  39|0x0000000084500000, 0x0000000084500000, 0x0000000084600000|  0%| F|  |TAMS 0x0000000084500000| PB 0x0000000084500000| Untracked |  0
|  40|0x0000000084600000, 0x0000000084600000, 0x0000000084700000|  0%| F|  |TAMS 0x0000000084600000| PB 0x0000000084600000| Untracked |  0
|  41|0x0000000084700000, 0x0000000084700000, 0x0000000084800000|  0%| F|  |TAMS 0x0000000084700000| PB 0x0000000084700000| Untracked |  0
|  42|0x0000000084800000, 0x0000000084800000, 0x0000000084900000|  0%| F|  |TAMS 0x0000000084800000| PB 0x0000000084800000| Untracked |  0
|  43|0x0000000084900000, 0x0000000084900000, 0x0000000084a00000|  0%| F|  |TAMS 0x0000000084900000| PB 0x0000000084900000| Untracked |  0
|  44|0x0000000084a00000, 0x0000000084a00000, 0x0000000084b00000|  0%| F|  |TAMS 0x0000000084a00000| PB 0x0000000084a00000| Untracked |  0
|  45|0x0000000084b00000, 0x0000000084b00000, 0x0000000084c00000|  0%| F|  |TAMS 0x0000000084b00000| PB 0x0000000084b00000| Untracked |  0
|  46|0x0000000084c00000, 0x0000000084c00000, 0x0000000084d00000|  0%| F|  |TAMS 0x0000000084c00000| PB 0x0000000084c00000| Untracked |  0
|  47|0x0000000084d00000, 0x0000000084d00000, 0x0000000084e00000|  0%| F|  |TAMS 0x0000000084d00000| PB 0x0000000084d00000| Untracked |  0
|  48|0x0000000084e00000, 0x0000000084e00000, 0x0000000084f00000|  0%| F|  |TAMS 0x0000000084e00000| PB 0x0000000084e00000| Untracked |  0
|  49|0x0000000084f00000, 0x0000000084f00000, 0x0000000085000000|  0%| F|  |TAMS 0x0000000084f00000| PB 0x0000000084f00000| Untracked |  0
|  50|0x0000000085000000, 0x0000000085000000, 0x0000000085100000|  0%| F|  |TAMS 0x0000000085000000| PB 0x0000000085000000| Untracked |  0
|  51|0x0000000085100000, 0x0000000085100000, 0x0000000085200000|  0%| F|  |TAMS 0x0000000085100000| PB 0x0000000085100000| Untracked |  0
|  52|0x0000000085200000, 0x0000000085200000, 0x0000000085300000|  0%| F|  |TAMS 0x0000000085200000| PB 0x0000000085200000| Untracked |  0
|  53|0x0000000085300000, 0x0000000085300000, 0x0000000085400000|  0%| F|  |TAMS 0x0000000085300000| PB 0x0000000085300000| Untracked |  0
|  54|0x0000000085400000, 0x0000000085400000, 0x0000000085500000|  0%| F|  |TAMS 0x0000000085400000| PB 0x0000000085400000| Untracked |  0
|  55|0x0000000085500000, 0x0000000085500000, 0x0000000085600000|  0%| F|  |TAMS 0x0000000085500000| PB 0x0000000085500000| Untracked |  0
|  56|0x0000000085600000, 0x0000000085600000, 0x0000000085700000|  0%| F|  |TAMS 0x0000000085600000| PB 0x0000000085600000| Untracked |  0
|  57|0x0000000085700000, 0x0000000085700000, 0x0000000085800000|  0%| F|  |TAMS 0x0000000085700000| PB 0x0000000085700000| Untracked |  0
|  58|0x0000000085800000, 0x0000000085800000, 0x0000000085900000|  0%| F|  |TAMS 0x0000000085800000| PB 0x0000000085800000| Untracked |  0
|  59|0x0000000085900000, 0x0000000085900000, 0x0000000085a00000|  0%| F|  |TAMS 0x0000000085900000| PB 0x0000000085900000| Untracked |  0
|  60|0x0000000085a00000, 0x0000000085a00000, 0x0000000085b00000|  0%| F|  |TAMS 0x0000000085a00000| PB 0x0000000085a00000| Untracked |  0
|  61|0x0000000085b00000, 0x0000000085b00000, 0x0000000085c00000|  0%| F|  |TAMS 0x0000000085b00000| PB 0x0000000085b00000| Untracked |  0
|  62|0x0000000085c00000, 0x0000000085c00000, 0x0000000085d00000|  0%| F|  |TAMS 0x0000000085c00000| PB 0x0000000085c00000| Untracked |  0
|  63|0x0000000085d00000, 0x0000000085d00000, 0x0000000085e00000|  0%| F|  |TAMS 0x0000000085d00000| PB 0x0000000085d00000| Untracked |  0
|  64|0x0000000085e00000, 0x0000000085e00000, 0x0000000085f00000|  0%| F|  |TAMS 0x0000000085e00000| PB 0x0000000085e00000| Untracked |  0
|  65|0x0000000085f00000, 0x0000000085f00000, 0x0000000086000000|  0%| F|  |TAMS 0x0000000085f00000| PB 0x0000000085f00000| Untracked |  0
|  66|0x0000000086000000, 0x0000000086000000, 0x0000000086100000|  0%| F|  |TAMS 0x0000000086000000| PB 0x0000000086000000| Untracked |  0
|  67|0x0000000086100000, 0x0000000086100000, 0x0000000086200000|  0%| F|  |TAMS 0x0000000086100000| PB 0x0000000086100000| Untracked |  0
|  68|0x0000000086200000, 0x0000000086200000, 0x0000000086300000|  0%| F|  |TAMS 0x0000000086200000| PB 0x0000000086200000| Untracked |  0
|  69|0x0000000086300000, 0x0000000086300000, 0x0000000086400000|  0%| F|  |TAMS 0x0000000086300000| PB 0x0000000086300000| Untracked |  0
|  70|0x0000000086400000, 0x0000000086400000, 0x0000000086500000|  0%| F|  |TAMS 0x0000000086400000| PB 0x0000000086400000| Untracked |  0
|  71|0x0000000086500000, 0x0000000086500000, 0x0000000086600000|  0%| F|  |TAMS 0x0000000086500000| PB 0x0000000086500000| Untracked |  0
|  72|0x0000000086600000, 0x0000000086600000, 0x0000000086700000|  0%| F|  |TAMS 0x0000000086600000| PB 0x0000000086600000| Untracked |  0
|  73|0x0000000086700000, 0x0000000086700000, 0x0000000086800000|  0%| F|  |TAMS 0x0000000086700000| PB 0x0000000086700000| Untracked |  0
|  74|0x0000000086800000, 0x0000000086800000, 0x0000000086900000|  0%| F|  |TAMS 0x0000000086800000| PB 0x0000000086800000| Untracked |  0
|  75|0x0000000086900000, 0x0000000086900000, 0x0000000086a00000|  0%| F|  |TAMS 0x0000000086900000| PB 0x0000000086900000| Untracked |  0
|  76|0x0000000086a00000, 0x0000000086a00000, 0x0000000086b00000|  0%| F|  |TAMS 0x0000000086a00000| PB 0x0000000086a00000| Untracked |  0
|  77|0x0000000086b00000, 0x0000000086b00000, 0x0000000086c00000|  0%| F|  |TAMS 0x0000000086b00000| PB 0x0000000086b00000| Untracked |  0
|  78|0x0000000086c00000, 0x0000000086c00000, 0x0000000086d00000|  0%| F|  |TAMS 0x0000000086c00000| PB 0x0000000086c00000| Untracked |  0
|  79|0x0000000086d00000, 0x0000000086d00000, 0x0000000086e00000|  0%| F|  |TAMS 0x0000000086d00000| PB 0x0000000086d00000| Untracked |  0
|  80|0x0000000086e00000, 0x0000000086e00000, 0x0000000086f00000|  0%| F|  |TAMS 0x0000000086e00000| PB 0x0000000086e00000| Untracked |  0
|  81|0x0000000086f00000, 0x0000000086f00000, 0x0000000087000000|  0%| F|  |TAMS 0x0000000086f00000| PB 0x0000000086f00000| Untracked |  0
|  82|0x0000000087000000, 0x0000000087000000, 0x0000000087100000|  0%| F|  |TAMS 0x0000000087000000| PB 0x0000000087000000| Untracked |  0
|  83|0x0000000087100000, 0x0000000087100000, 0x0000000087200000|  0%| F|  |TAMS 0x0000000087100000| PB 0x0000000087100000| Untracked |  0
|  84|0x0000000087200000, 0x0000000087200000, 0x0000000087300000|  0%| F|  |TAMS 0x0000000087200000| PB 0x0000000087200000| Untracked |  0
|  85|0x0000000087300000, 0x0000000087300000, 0x0000000087400000|  0%| F|  |TAMS 0x0000000087300000| PB 0x0000000087300000| Untracked |  0
|  86|0x0000000087400000, 0x0000000087400000, 0x0000000087500000|  0%| F|  |TAMS 0x0000000087400000| PB 0x0000000087400000| Untracked |  0
|  87|0x0000000087500000, 0x0000000087500000, 0x0000000087600000|  0%| F|  |TAMS 0x0000000087500000| PB 0x0000000087500000| Untracked |  0
|  88|0x0000000087600000, 0x0000000087600000, 0x0000000087700000|  0%| F|  |TAMS 0x0000000087600000| PB 0x0000000087600000| Untracked |  0
|  89|0x0000000087700000, 0x0000000087700000, 0x0000000087800000|  0%| F|  |TAMS 0x0000000087700000| PB 0x0000000087700000| Untracked |  0
|  90|0x0000000087800000, 0x0000000087800000, 0x0000000087900000|  0%| F|  |TAMS 0x0000000087800000| PB 0x0000000087800000| Untracked |  0
|  91|0x0000000087900000, 0x0000000087900000, 0x0000000087a00000|  0%| F|  |TAMS 0x0000000087900000| PB 0x0000000087900000| Untracked |  0
|  92|0x0000000087a00000, 0x0000000087a00000, 0x0000000087b00000|  0%| F|  |TAMS 0x0000000087a00000| PB 0x0000000087a00000| Untracked |  0
|  93|0x0000000087b00000, 0x0000000087b00000, 0x0000000087c00000|  0%| F|  |TAMS 0x0000000087b00000| PB 0x0000000087b00000| Untracked |  0
|  94|0x0000000087c00000, 0x0000000087c00000, 0x0000000087d00000|  0%| F|  |TAMS 0x0000000087c00000| PB 0x0000000087c00000| Untracked |  0
|  95|0x0000000087d00000, 0x0000000087d00000, 0x0000000087e00000|  0%| F|  |TAMS 0x0000000087d00000| PB 0x0000000087d00000| Untracked |  0
|  96|0x0000000087e00000, 0x0000000087e00000, 0x0000000087f00000|  0%| F|  |TAMS 0x0000000087e00000| PB 0x0000000087e00000| Untracked |  0
|  97|0x0000000087f00000, 0x0000000087f00000, 0x0000000088000000|  0%| F|  |TAMS 0x0000000087f00000| PB 0x0000000087f00000| Untracked |  0
|  98|0x0000000088000000, 0x0000000088000000, 0x0000000088100000|  0%| F|  |TAMS 0x0000000088000000| PB 0x0000000088000000| Untracked |  0
|  99|0x0000000088100000, 0x0000000088100000, 0x0000000088200000|  0%| F|  |TAMS 0x0000000088100000| PB 0x0000000088100000| Untracked |  0
| 100|0x0000000088200000, 0x0000000088200000, 0x0000000088300000|  0%| F|  |TAMS 0x0000000088200000| PB 0x0000000088200000| Untracked |  0
| 101|0x0000000088300000, 0x0000000088300000, 0x0000000088400000|  0%| F|  |TAMS 0x0000000088300000| PB 0x0000000088300000| Untracked |  0
| 102|0x0000000088400000, 0x0000000088400000, 0x0000000088500000|  0%| F|  |TAMS 0x0000000088400000| PB 0x0000000088400000| Untracked |  0
| 103|0x0000000088500000, 0x0000000088500000, 0x0000000088600000|  0%| F|  |TAMS 0x0000000088500000| PB 0x0000000088500000| Untracked |  0
| 104|0x0000000088600000, 0x0000000088600000, 0x0000000088700000|  0%| F|  |TAMS 0x0000000088600000| PB 0x0000000088600000| Untracked |  0
| 105|0x0000000088700000, 0x0000000088700000, 0x0000000088800000|  0%| F|  |TAMS 0x0000000088700000| PB 0x0000000088700000| Untracked |  0
| 106|0x0000000088800000, 0x0000000088800000, 0x0000000088900000|  0%| F|  |TAMS 0x0000000088800000| PB 0x0000000088800000| Untracked |  0
| 107|0x0000000088900000, 0x0000000088900000, 0x0000000088a00000|  0%| F|  |TAMS 0x0000000088900000| PB 0x0000000088900000| Untracked |  0
| 108|0x0000000088a00000, 0x0000000088a00000, 0x0000000088b00000|  0%| F|  |TAMS 0x0000000088a00000| PB 0x0000000088a00000| Untracked |  0
| 109|0x0000000088b00000, 0x0000000088b00000, 0x0000000088c00000|  0%| F|  |TAMS 0x0000000088b00000| PB 0x0000000088b00000| Untracked |  0
| 110|0x0000000088c00000, 0x0000000088c00000, 0x0000000088d00000|  0%| F|  |TAMS 0x0000000088c00000| PB 0x0000000088c00000| Untracked |  0
| 111|0x0000000088d00000, 0x0000000088d00000, 0x0000000088e00000|  0%| F|  |TAMS 0x0000000088d00000| PB 0x0000000088d00000| Untracked |  0
| 112|0x0000000088e00000, 0x0000000088e80000, 0x0000000088f00000| 50%| E|  |TAMS 0x0000000088e00000| PB 0x0000000088e00000| Complete |  0
| 113|0x0000000088f00000, 0x0000000089000000, 0x0000000089000000|100%| E|CS|TAMS 0x0000000088f00000| PB 0x0000000088f00000| Complete |  0
| 114|0x0000000089000000, 0x0000000089100000, 0x0000000089100000|100%| E|CS|TAMS 0x0000000089000000| PB 0x0000000089000000| Complete |  0
| 115|0x0000000089100000, 0x0000000089200000, 0x0000000089200000|100%| E|CS|TAMS 0x0000000089100000| PB 0x0000000089100000| Complete |  0
| 116|0x0000000089200000, 0x0000000089300000, 0x0000000089300000|100%| E|CS|TAMS 0x0000000089200000| PB 0x0000000089200000| Complete |  0
| 117|0x0000000089300000, 0x0000000089400000, 0x0000000089400000|100%| E|CS|TAMS 0x0000000089300000| PB 0x0000000089300000| Complete |  0
| 118|0x0000000089400000, 0x0000000089500000, 0x0000000089500000|100%| E|CS|TAMS 0x0000000089400000| PB 0x0000000089400000| Complete |  0
| 119|0x0000000089500000, 0x0000000089600000, 0x0000000089600000|100%| E|CS|TAMS 0x0000000089500000| PB 0x0000000089500000| Complete |  0
| 120|0x0000000089600000, 0x0000000089700000, 0x0000000089700000|100%| E|CS|TAMS 0x0000000089600000| PB 0x0000000089600000| Complete |  0
| 121|0x0000000089700000, 0x0000000089800000, 0x0000000089800000|100%| E|CS|TAMS 0x0000000089700000| PB 0x0000000089700000| Complete |  0
| 122|0x0000000089800000, 0x0000000089900000, 0x0000000089900000|100%| E|CS|TAMS 0x0000000089800000| PB 0x0000000089800000| Complete |  0
| 123|0x0000000089900000, 0x0000000089a00000, 0x0000000089a00000|100%| E|CS|TAMS 0x0000000089900000| PB 0x0000000089900000| Complete |  0
| 124|0x0000000089a00000, 0x0000000089b00000, 0x0000000089b00000|100%| E|CS|TAMS 0x0000000089a00000| PB 0x0000000089a00000| Complete |  0
| 125|0x0000000089b00000, 0x0000000089c00000, 0x0000000089c00000|100%| E|CS|TAMS 0x0000000089b00000| PB 0x0000000089b00000| Complete |  0
| 126|0x0000000089c00000, 0x0000000089d00000, 0x0000000089d00000|100%| E|CS|TAMS 0x0000000089c00000| PB 0x0000000089c00000| Complete |  0
| 127|0x0000000089d00000, 0x0000000089e00000, 0x0000000089e00000|100%| E|CS|TAMS 0x0000000089d00000| PB 0x0000000089d00000| Complete |  0
|2016|0x00000000ffe00000, 0x00000000fff00000, 0x00000000fff00000|100%| O|  |TAMS 0x00000000ffe00000| PB 0x00000000ffe00000| Untracked |  0
|2017|0x00000000fff00000, 0x00000000fff256a0, 0x0000000100000000| 14%| O|  |TAMS 0x00000000fff00000| PB 0x00000000fff00000| Untracked |  0

Card table byte_map: [0x00000198c3900000,0x00000198c3d00000] _byte_map_base: 0x00000198c34f1000

Marking Bits: (CMBitMap*) 0x00000198abccc450
 Bits: [0x00000198c3d00000, 0x00000198c5c88000)

Polling page: 0x00000198a9c70000

Metaspace:
Metaspace        used 10709K, committed 10880K, reserved 1114112K
 class space     used 966K, committed 1024K, reserved 1048576K

Usage:
  Non-class:      9.51 MB used.
      Class:    966.65 KB used.
       Both:     10.46 MB used.

Virtual space:
  Non-class space:       64.00 MB reserved,       9.62 MB ( 15%) committed,  1 nodes.
      Class space:        1.00 GB reserved,       1.00 MB ( <1%) committed,  1 nodes.
             Both:        1.06 GB reserved,      10.62 MB ( <1%) committed. 

Chunk freelists:
   Non-Class:  6.24 MB
       Class:  15.01 MB
        Both:  21.25 MB

MaxMetaspaceSize: unlimited
CompressedClassSpaceSize: 1.00 GB
Initial GC threshold: 21.00 MB
Current GC threshold: 21.00 MB
CDS: on
 - commit_granule_bytes: 65536.
 - commit_granule_words: 8192.
 - virtual_space_node_default_size: 8388608.
 - enlarge_chunks_in_place: 1.
UseCompressedClassPointers 1, UseCompactObjectHeaders 0
Narrow klass pointer bits 32, Max shift 3
Narrow klass base: 0x000000001a000000, Narrow klass shift: 0
Encoding Range: [0x000000001a000000 - 0x000000011a000000), (4294967296 bytes)
Klass Range:    [0x000000001a010000 - 0x000000005b000000), (1090453504 bytes)
Klass ID Range:  [65536 - 1090519033) (1090453497)
Protection zone: [0x000000001a000000 - 0x000000001a010000), (65536 bytes)


Internal statistics:

num_allocs_failed_limit: 0.
num_arena_births: 102.
num_arena_deaths: 0.
num_vsnodes_births: 2.
num_vsnodes_deaths: 0.
num_space_committed: 170.
num_space_uncommitted: 0.
num_chunks_returned_to_freelist: 0.
num_chunks_taken_from_freelist: 143.
num_chunk_merges: 0.
num_chunk_splits: 81.
num_chunks_enlarged: 38.
num_inconsistent_stats: 0.

CodeHeap 'non-profiled nmethods': size=120064Kb used=382Kb max_used=382Kb free=119681Kb
 bounds [0x00000198bbfc0000, 0x00000198bc230000, 0x00000198c3500000]
CodeHeap 'profiled nmethods': size=120000Kb used=2193Kb max_used=2193Kb free=117807Kb
 bounds [0x00000198b4500000, 0x00000198b4770000, 0x00000198bba30000]
CodeHeap 'non-nmethods': size=5696Kb used=1554Kb max_used=1577Kb free=4141Kb
 bounds [0x00000198bba30000, 0x00000198bbca0000, 0x00000198bbfc0000]
CodeCache: size=245760Kb, used=4129Kb, max_used=4152Kb, free=241629Kb
 total_blobs=2260, nmethods=1572, adapters=592, full_count=0
Compilation: enabled, stopped_count=0, restarted_count=0

Compilation events (20 events):
Event: 207.886 Thread 0x00000198c8104dc0 1565       3       sun.java2d.SunGraphics2D::<init> (154 bytes)
Event: 207.887 Thread 0x00000198c81004e0 1576 %     4       java.awt.LinearGradientPaintContext::fillRaster @ 50 (97 bytes)
Event: 207.887 Thread 0x00000198c8104dc0 nmethod 1565 0x00000198b4721388 code [0x00000198b4721480, 0x00000198b4722478]
Event: 207.887 Thread 0x00000198c8104dc0 1566       3       java.awt.Graphics2D::<init> (5 bytes)
Event: 207.887 Thread 0x00000198c8104dc0 nmethod 1566 0x00000198b4722488 code [0x00000198b4722580, 0x00000198b4722758]
Event: 207.887 Thread 0x00000198c8104dc0 1567       3       java.awt.Graphics::<init> (5 bytes)
Event: 207.887 Thread 0x00000198c8104dc0 nmethod 1567 0x00000198b4722788 code [0x00000198b4722880, 0x00000198b47229f8]
Event: 207.887 Thread 0x00000198c8104dc0 1568       3       sun.java2d.SunGraphics2D::getDefaultTransform (24 bytes)
Event: 207.887 Thread 0x00000198c8104dc0 nmethod 1568 0x00000198b4722a88 code [0x00000198b4722b80, 0x00000198b4722ff0]
Event: 207.887 Thread 0x00000198c8104dc0 1569       3       sun.java2d.SunGraphics2D::setDevClip (21 bytes)
Event: 207.888 Thread 0x00000198c8104dc0 nmethod 1569 0x00000198b4723008 code [0x00000198b4723100, 0x00000198b47232d8]
Event: 207.888 Thread 0x00000198c8104dc0 1570       3       sun.java2d.SunGraphics2D::setDevClip (45 bytes)
Event: 207.888 Thread 0x00000198c8104dc0 nmethod 1570 0x00000198b4723308 code [0x00000198b4723400, 0x00000198b47237c8]
Event: 207.888 Thread 0x00000198c8104dc0 1571       3       sun.java2d.pipe.Region::getInstanceXYWH (16 bytes)
Event: 207.888 Thread 0x00000198c8104dc0 nmethod 1571 0x00000198b4723808 code [0x00000198b4723900, 0x00000198b4723b98]
Event: 207.888 Thread 0x00000198c8104dc0 1574       3       java.awt.Component::getForeground (29 bytes)
Event: 207.889 Thread 0x00000198c8104dc0 nmethod 1574 0x00000198b4723c08 code [0x00000198b4723d00, 0x00000198b47240c8]
Event: 207.889 Thread 0x00000198c8104dc0 1572       3       sun.font.FontUtilities::isIgnorableWhitespace (39 bytes)
Event: 207.889 Thread 0x00000198c8104dc0 nmethod 1572 0x00000198b4724108 code [0x00000198b4724200, 0x00000198b47243f0]
Event: 207.889 Thread 0x00000198c8104dc0 1573       3       sun.font.FontUtilities::isDefaultIgnorable (338 bytes)

GC Heap Usage History (0 events):
No events

Metaspace Usage History (0 events):
No events

Dll operation events (7 events):
Event: 0.010 Loaded shared library D:\Program Files\Java\jdk-25\bin\java.dll
Event: 0.080 Loaded shared library D:\Program Files\Java\jdk-25\bin\net.dll
Event: 0.082 Loaded shared library D:\Program Files\Java\jdk-25\bin\nio.dll
Event: 0.121 Loaded shared library D:\Program Files\Java\jdk-25\bin\jimage.dll
Event: 0.132 Loaded shared library D:\Program Files\Java\jdk-25\bin\awt.dll
Event: 0.310 Loaded shared library D:\Program Files\Java\jdk-25\bin\freetype.dll
Event: 0.312 Loaded shared library D:\Program Files\Java\jdk-25\bin\fontmanager.dll

Deoptimization events (20 events):
Event: 207.886 Thread 0x00000198c8b492f0 Uncommon trap: trap_request=0xffffffbe fr.pc=0x00000198bc01f144 relative=0x0000000000000724
Event: 207.886 Thread 0x00000198c8b492f0 Uncommon trap: reason=profile_predicate action=maybe_recompile pc=0x00000198bc01f144 method=java.awt.LinearGradientPaintContext.fillRaster([IIIIIII)V @ 53 c2
Event: 207.886 Thread 0x00000198c8b492f0 DEOPT PACKING pc=0x00000198bc01f144 sp=0x00000023a6cfd510
Event: 207.886 Thread 0x00000198c8b492f0 DEOPT UNPACKING pc=0x00000198bbb4f902 sp=0x00000023a6cfd488 mode 2
Event: 207.886 Thread 0x00000198c8b492f0 Uncommon trap: trap_request=0xffffffbe fr.pc=0x00000198bc01db6c relative=0x000000000000084c
Event: 207.886 Thread 0x00000198c8b492f0 Uncommon trap: reason=profile_predicate action=maybe_recompile pc=0x00000198bc01db6c method=java.awt.LinearGradientPaintContext.fillRaster([IIIIIII)V @ 50 c2
Event: 207.886 Thread 0x00000198c8b492f0 DEOPT PACKING pc=0x00000198bc01db6c sp=0x00000023a6cfd4e0
Event: 207.886 Thread 0x00000198c8b492f0 DEOPT UNPACKING pc=0x00000198bbb4f902 sp=0x00000023a6cfd498 mode 2
Event: 207.886 Thread 0x00000198c8b492f0 Uncommon trap: trap_request=0xffffffbe fr.pc=0x00000198bc01f144 relative=0x0000000000000724
Event: 207.886 Thread 0x00000198c8b492f0 Uncommon trap: reason=profile_predicate action=maybe_recompile pc=0x00000198bc01f144 method=java.awt.LinearGradientPaintContext.fillRaster([IIIIIII)V @ 53 c2
Event: 207.886 Thread 0x00000198c8b492f0 DEOPT PACKING pc=0x00000198bc01f144 sp=0x00000023a6cfd510
Event: 207.886 Thread 0x00000198c8b492f0 DEOPT UNPACKING pc=0x00000198bbb4f902 sp=0x00000023a6cfd488 mode 2
Event: 207.886 Thread 0x00000198c8b492f0 Uncommon trap: trap_request=0xffffffbe fr.pc=0x00000198bc01db6c relative=0x000000000000084c
Event: 207.886 Thread 0x00000198c8b492f0 Uncommon trap: reason=profile_predicate action=maybe_recompile pc=0x00000198bc01db6c method=java.awt.LinearGradientPaintContext.fillRaster([IIIIIII)V @ 50 c2
Event: 207.886 Thread 0x00000198c8b492f0 DEOPT PACKING pc=0x00000198bc01db6c sp=0x00000023a6cfd4e0
Event: 207.886 Thread 0x00000198c8b492f0 DEOPT UNPACKING pc=0x00000198bbb4f902 sp=0x00000023a6cfd498 mode 2
Event: 207.886 Thread 0x00000198c8b492f0 Uncommon trap: trap_request=0xffffffbe fr.pc=0x00000198bc01f144 relative=0x0000000000000724
Event: 207.886 Thread 0x00000198c8b492f0 Uncommon trap: reason=profile_predicate action=maybe_recompile pc=0x00000198bc01f144 method=java.awt.LinearGradientPaintContext.fillRaster([IIIIIII)V @ 53 c2
Event: 207.886 Thread 0x00000198c8b492f0 DEOPT PACKING pc=0x00000198bc01f144 sp=0x00000023a6cfd510
Event: 207.887 Thread 0x00000198c8b492f0 DEOPT UNPACKING pc=0x00000198bbb4f902 sp=0x00000023a6cfd488 mode 2

Classes loaded (20 events):
Event: 54.457 Loading class javax/swing/text/DefaultCaret$1
Event: 54.457 Loading class javax/swing/text/DefaultCaret$1 done
Event: 54.457 Loading class javax/swing/event/UndoableEditEvent
Event: 54.458 Loading class javax/swing/event/UndoableEditEvent done
Event: 54.458 Loading class javax/swing/text/AbstractDocument$DefaultDocumentEventUndoableWrapper
Event: 54.458 Loading class sun/swing/text/UndoableEditLockSupport
Event: 54.461 Loading class sun/swing/text/UndoableEditLockSupport done
Event: 54.461 Loading class javax/swing/text/AbstractDocument$DefaultDocumentEventUndoableWrapper done
Event: 54.461 Loading class javax/swing/event/UndoableEditListener
Event: 54.461 Loading class javax/swing/event/UndoableEditListener done
Event: 55.687 Loading class javax/swing/JToggleButton$1
Event: 55.687 Loading class javax/swing/JToggleButton$1 done
Event: 55.790 Loading class java/awt/event/ItemEvent
Event: 55.790 Loading class java/awt/event/ItemEvent done
Event: 207.593 Loading class java/util/WeakHashMap$KeyIterator
Event: 207.874 Loading class java/util/WeakHashMap$HashIterator
Event: 207.874 Loading class java/util/WeakHashMap$HashIterator done
Event: 207.874 Loading class java/util/WeakHashMap$KeyIterator done
Event: 207.874 Loading class javax/swing/RepaintManager$DisplayChangedRunnable
Event: 207.874 Loading class javax/swing/RepaintManager$DisplayChangedRunnable done

Classes unloaded (0 events):
No events

Classes redefined (0 events):
No events

Internal exceptions (20 events):
Event: 0.397 Thread 0x00000198abc6ef60 Exception <a 'java/lang/ClassNotFoundException'{0x0000000089531b00}: Tree> (0x0000000089531b00) 
thrown [s\open\src\hotspot\share\classfile\systemDictionary.cpp, line 327]
Event: 0.397 Thread 0x00000198abc6ef60 Exception <a 'java/lang/ClassNotFoundException'{0x0000000089531e70}: javax/swing/JTreeCell> (0x0000000089531e70) 
thrown [s\open\src\hotspot\share\classfile\systemDictionary.cpp, line 327]
Event: 0.397 Thread 0x00000198abc6ef60 Exception <a 'java/lang/ClassNotFoundException'{0x0000000089532178}: TreeCell> (0x0000000089532178) 
thrown [s\open\src\hotspot\share\classfile\systemDictionary.cpp, line 327]
Event: 0.398 Thread 0x00000198abc6ef60 Exception <a 'java/lang/ClassNotFoundException'{0x0000000089532918}: RootPane> (0x0000000089532918) 
thrown [s\open\src\hotspot\share\classfile\systemDictionary.cpp, line 327]
Event: 0.400 Thread 0x00000198abc6ef60 Exception <a 'java/lang/ClassNotFoundException'{0x00000000895356e0}: com/sun/swing/internal/plaf/metal/resources/spi/metalProvider> (0x00000000895356e0) 
thrown [s\open\src\hotspot\share\classfile\systemDictionary.cpp, line 327]
Event: 0.401 Thread 0x00000198abc6ef60 Exception <a 'java/lang/ClassNotFoundException'{0x00000000895391a0}: com/sun/swing/internal/plaf/basic/resources/spi/basicProvider> (0x00000000895391a0) 
thrown [s\open\src\hotspot\share\classfile\systemDictionary.cpp, line 327]
Event: 0.431 Thread 0x00000198c8b492f0 Exception <a 'java/lang/ClassNotFoundException'{0x000000008943aa58}: com/sun/swing/internal/plaf/synth/resources/spi/synthProvider> (0x000000008943aa58) 
thrown [s\open\src\hotspot\share\classfile\systemDictionary.cpp, line 327]
Event: 0.452 Thread 0x00000198c8b492f0 Exception <a 'java/lang/NoSuchMethodError'{0x00000000894877d8}: 'int java.lang.invoke.Invokers$Holder.invokeExact_MT(java.lang.Object, java.lang.Object)'> (0x00000000894877d8) 
thrown [s\open\src\hotspot\share\interpreter\linkResolver.cpp, line 804]
Event: 0.458 Thread 0x00000198c8b492f0 Exception <a 'java/lang/NoSuchMethodError'{0x0000000089493568}: 'java.lang.Object java.lang.invoke.DirectMethodHandle$Holder.newInvokeSpecial(java.lang.Object, java.lang.Object, int)'> (0x0000000089493568) 
thrown [s\open\src\hotspot\share\interpreter\linkResolver.cpp, line 804]
Event: 0.463 Thread 0x00000198c8b492f0 Exception <a 'java/lang/NoSuchMethodError'{0x00000000894ad5d0}: 'java.lang.Object java.lang.invoke.DirectMethodHandle$Holder.invokeStatic(java.lang.Object, java.lang.Object, java.lang.Object, java.lang.Object, int)'> (0x00000000894ad5d0) 
thrown [s\open\src\hotspot\share\interpreter\linkResolver.cpp, line 804]
Event: 0.517 Thread 0x00000198c8961b40 Exception <a 'java/lang/NoSuchMethodError'{0x0000000089a8fee8}: 'void java.lang.invoke.DirectMethodHandle$Holder.invokeVirtual(java.lang.Object, java.lang.Object)'> (0x0000000089a8fee8) 
thrown [s\open\src\hotspot\share\interpreter\linkResolver.cpp, line 804]
Event: 0.534 Thread 0x00000198c8b492f0 Exception <a 'java/lang/NoSuchMethodError'{0x0000000089334898}: 'void java.lang.invoke.DirectMethodHandle$Holder.invokeStaticInit(java.lang.Object)'> (0x0000000089334898) 
thrown [s\open\src\hotspot\share\interpreter\linkResolver.cpp, line 804]
Event: 0.606 Thread 0x00000198c8b492f0 Exception <a 'java/lang/NoSuchMethodError'{0x000000008937ec40}: 'void java.lang.invoke.DelegatingMethodHandle$Holder.reinvoke_L(java.lang.Object, java.lang.Object, java.lang.Object, long, float)'> (0x000000008937ec40) 
thrown [s\open\src\hotspot\share\interpreter\linkResolver.cpp, line 804]
Event: 0.608 Thread 0x00000198c8b492f0 Exception <a 'java/lang/NoSuchMethodError'{0x000000008939b1e0}: 'java.lang.Object java.lang.invoke.DirectMethodHandle$Holder.invokeStatic(java.lang.Object, java.lang.Object, java.lang.Object, java.lang.Object, long)'> (0x000000008939b1e0) 
thrown [s\open\src\hotspot\share\interpreter\linkResolver.cpp, line 804]
Event: 0.610 Thread 0x00000198c8b492f0 Exception <a 'java/lang/NoSuchMethodError'{0x00000000893bd588}: 'float java.lang.invoke.DelegatingMethodHandle$Holder.reinvoke_L(java.lang.Object, java.lang.Object, java.lang.Object, long)'> (0x00000000893bd588) 
thrown [s\open\src\hotspot\share\interpreter\linkResolver.cpp, line 804]
Event: 207.886 Thread 0x00000198c8b492f0 Implicit null exception at 0x00000198bc01eb20 to 0x00000198bc01f10c
Event: 207.886 Thread 0x00000198c8b492f0 Implicit null exception at 0x00000198bc01d408 to 0x00000198bc01db24
Event: 207.886 Thread 0x00000198c8b492f0 Implicit null exception at 0x00000198bc01eb20 to 0x00000198bc01f10c
Event: 207.886 Thread 0x00000198c8b492f0 Implicit null exception at 0x00000198bc01d408 to 0x00000198bc01db24
Event: 207.886 Thread 0x00000198c8b492f0 Implicit null exception at 0x00000198bc01eb20 to 0x00000198bc01f10c

VM Operations (12 events):
Event: 0.087 Executing non-safepoint VM operation: HandshakeAllThreads (Deoptimize)
Event: 0.087 Executing non-safepoint VM operation: HandshakeAllThreads (Deoptimize) done
Event: 0.306 Executing non-safepoint VM operation: HandshakeAllThreads (Deoptimize)
Event: 0.306 Executing non-safepoint VM operation: HandshakeAllThreads (Deoptimize) done
Event: 0.500 Executing non-safepoint VM operation: HandshakeAllThreads (Deoptimize)
Event: 0.500 Executing non-safepoint VM operation: HandshakeAllThreads (Deoptimize) done
Event: 0.722 Executing non-safepoint VM operation: HandshakeAllThreads (Deoptimize)
Event: 0.722 Executing non-safepoint VM operation: HandshakeAllThreads (Deoptimize) done
Event: 60.146 Executing non-safepoint VM operation: HandshakeAllThreads (HandshakeForDeflation)
Event: 60.146 Executing non-safepoint VM operation: HandshakeAllThreads (HandshakeForDeflation) done
Event: 60.146 Executing non-safepoint VM operation: RendezvousGCThreads
Event: 60.146 Executing non-safepoint VM operation: RendezvousGCThreads done

Memory protections (0 events):
No events

Nmethod flushes (0 events):
No events

Events (18 events):
Event: 0.025 Thread 0x00000198abc6ef60 Thread added: 0x00000198abc6ef60
Event: 0.040 Thread 0x00000198abc6ef60 Thread added: 0x00000198c80eccd0
Event: 0.040 Thread 0x00000198abc6ef60 Thread added: 0x00000198c80edb30
Event: 0.040 Thread 0x00000198abc6ef60 Thread added: 0x00000198c80f1660
Event: 0.040 Thread 0x00000198abc6ef60 Thread added: 0x00000198c80f3640
Event: 0.040 Thread 0x00000198abc6ef60 Thread added: 0x00000198c80f4200
Event: 0.041 Thread 0x00000198abc6ef60 Thread added: 0x00000198c80fd5e0
Event: 0.041 Thread 0x00000198abc6ef60 Thread added: 0x00000198c81004e0
Event: 0.041 Thread 0x00000198abc6ef60 Thread added: 0x00000198c8104dc0
Event: 0.078 Thread 0x00000198abc6ef60 Thread added: 0x00000198c8203d70
Event: 0.104 Thread 0x00000198abc6ef60 Thread added: 0x00000198c827abf0
Event: 0.187 Thread 0x00000198abc6ef60 Thread added: 0x00000198c8a9b2f0
Event: 0.188 Thread 0x00000198abc6ef60 Thread added: 0x00000198c895f370
Event: 0.189 Thread 0x00000198abc6ef60 Thread added: 0x00000198c8961b40
Event: 0.414 Thread 0x00000198abc6ef60 Thread added: 0x00000198c8b492f0
Event: 0.415 Thread 0x00000198abc6ef60 Thread exited: 0x00000198abc6ef60
Event: 0.415 Thread 0x00000198abc6ef60 Thread added: 0x00000198abc6ef60
Event: 0.744 Thread 0x00000198c8b492f0 Thread added: 0x00000198c8d9b250


Dynamic libraries:
0x00007ff7db260000 - 0x00007ff7db270000 	D:\Program Files\Java\jdk-25\bin\java.exe
0x00007ffd323b0000 - 0x00007ffd325a8000 	C:\Windows\SYSTEM32\ntdll.dll
0x00007ffd31530000 - 0x00007ffd315f2000 	C:\Windows\System32\KERNEL32.DLL
0x00007ffd2fa70000 - 0x00007ffd2fd66000 	C:\Windows\System32\KERNELBASE.dll
0x00007ffd2fe10000 - 0x00007ffd2ff10000 	C:\Windows\System32\ucrtbase.dll
0x00007ffd28350000 - 0x00007ffd2836e000 	D:\Program Files\Java\jdk-25\bin\VCRUNTIME140.dll
0x00007ffd2b3f0000 - 0x00007ffd2b407000 	D:\Program Files\Java\jdk-25\bin\jli.dll
0x00007ffd30ca0000 - 0x00007ffd30e41000 	C:\Windows\System32\USER32.dll
0x00007ffd30180000 - 0x00007ffd301a2000 	C:\Windows\System32\win32u.dll
0x00007ffd1c8e0000 - 0x00007ffd1cb7b000 	C:\Windows\WinSxS\amd64_microsoft.windows.common-controls_6595b64144ccf1df_6.0.19041.6456_none_60b8a6cb71f64256\COMCTL32.dll
0x00007ffd30510000 - 0x00007ffd3053b000 	C:\Windows\System32\GDI32.dll
0x00007ffd322d0000 - 0x00007ffd3236e000 	C:\Windows\System32\msvcrt.dll
0x00007ffd301b0000 - 0x00007ffd302c9000 	C:\Windows\System32\gdi32full.dll
0x00007ffd2fd70000 - 0x00007ffd2fe0d000 	C:\Windows\System32\msvcp_win.dll
0x00007ffd30b40000 - 0x00007ffd30b6f000 	C:\Windows\System32\IMM32.DLL
0x00007ffd2b3c0000 - 0x00007ffd2b3cc000 	D:\Program Files\Java\jdk-25\bin\vcruntime140_1.dll
0x00007ffd1b690000 - 0x00007ffd1b71d000 	D:\Program Files\Java\jdk-25\bin\msvcp140.dll
0x00007ffcd30e0000 - 0x00007ffcd3f3f000 	D:\Program Files\Java\jdk-25\bin\server\jvm.dll
0x00007ffd316c0000 - 0x00007ffd31771000 	C:\Windows\System32\ADVAPI32.dll
0x00007ffd32230000 - 0x00007ffd322cf000 	C:\Windows\System32\sechost.dll
0x00007ffd30540000 - 0x00007ffd30660000 	C:\Windows\System32\RPCRT4.dll
0x00007ffd2fa40000 - 0x00007ffd2fa67000 	C:\Windows\System32\bcrypt.dll
0x00007ffd314a0000 - 0x00007ffd3150b000 	C:\Windows\System32\WS2_32.dll
0x00007ffd2ef80000 - 0x00007ffd2efcb000 	C:\Windows\SYSTEM32\POWRPROF.dll
0x00007ffd1cd50000 - 0x00007ffd1cd77000 	C:\Windows\SYSTEM32\WINMM.dll
0x00007ffd269c0000 - 0x00007ffd269ca000 	C:\Windows\SYSTEM32\VERSION.dll
0x00007ffd2ee40000 - 0x00007ffd2ee52000 	C:\Windows\SYSTEM32\UMPDC.dll
0x00007ffd2d8b0000 - 0x00007ffd2d8c2000 	C:\Windows\SYSTEM32\kernel.appcore.dll
0x00007ffd27f20000 - 0x00007ffd27f2a000 	D:\Program Files\Java\jdk-25\bin\jimage.dll
0x00007ffd1cf10000 - 0x00007ffd1d111000 	C:\Windows\SYSTEM32\DBGHELP.DLL
0x00007ffd1c160000 - 0x00007ffd1c194000 	C:\Windows\SYSTEM32\dbgcore.DLL
0x00007ffd2ff10000 - 0x00007ffd2ff92000 	C:\Windows\System32\bcryptPrimitives.dll
0x00007ffd27f60000 - 0x00007ffd27f7f000 	D:\Program Files\Java\jdk-25\bin\java.dll
0x00007ffd30e60000 - 0x00007ffd30f8b000 	C:\Windows\System32\ole32.dll
0x00007ffd307e0000 - 0x00007ffd30b34000 	C:\Windows\System32\combase.dll
0x00007ffd31780000 - 0x00007ffd31ef0000 	C:\Windows\System32\SHELL32.dll
0x00007ffd2dab0000 - 0x00007ffd2e255000 	C:\Windows\SYSTEM32\windows.storage.dll
0x00007ffd2f470000 - 0x00007ffd2f49b000 	C:\Windows\SYSTEM32\Wldp.dll
0x00007ffd31ef0000 - 0x00007ffd31fbd000 	C:\Windows\System32\OLEAUT32.dll
0x00007ffd31610000 - 0x00007ffd316bd000 	C:\Windows\System32\SHCORE.dll
0x00007ffd321d0000 - 0x00007ffd3222b000 	C:\Windows\System32\shlwapi.dll
0x00007ffd2f970000 - 0x00007ffd2f994000 	C:\Windows\SYSTEM32\profapi.dll
0x00007ffd1c360000 - 0x00007ffd1c372000 	D:\Program Files\Java\jdk-25\bin\net.dll
0x00007ffd2f1d0000 - 0x00007ffd2f23a000 	C:\Windows\system32\mswsock.dll
0x00007ffd19e90000 - 0x00007ffd19ea6000 	D:\Program Files\Java\jdk-25\bin\nio.dll
0x00007ffd0aab0000 - 0x00007ffd0ac34000 	D:\Program Files\Java\jdk-25\bin\awt.dll
0x00007ffd2c7e0000 - 0x00007ffd2c874000 	C:\Windows\SYSTEM32\apphelp.dll
0x00007ffd2d3c0000 - 0x00007ffd2d45e000 	C:\Windows\system32\uxtheme.dll
0x00007ffd306c0000 - 0x00007ffd307d5000 	C:\Windows\System32\MSCTF.dll
0x00007ffd2d5b0000 - 0x00007ffd2d5de000 	C:\Windows\system32\DWMAPI.DLL
0x00007ffd102a0000 - 0x00007ffd10327000 	D:\Program Files\Java\jdk-25\bin\freetype.dll
0x00007ffd0c3c0000 - 0x00007ffd0c4ae000 	D:\Program Files\Java\jdk-25\bin\fontmanager.dll
0x00007ffd091c0000 - 0x00007ffd092e8000 	C:\Windows\system32\opengl32.dll
0x00007ffd0d970000 - 0x00007ffd0d99c000 	C:\Windows\SYSTEM32\GLU32.dll
0x00007ffd30b70000 - 0x00007ffd30c19000 	C:\Windows\System32\clbcatq.dll
0x00007ffd2d110000 - 0x00007ffd2d2c6000 	C:\Windows\SYSTEM32\WindowsCodecs.dll
0x00007ffd08450000 - 0x00007ffd0848e000 	C:\Windows\system32\dataexchange.dll
0x00007ffd29fd0000 - 0x00007ffd2a234000 	C:\Windows\system32\d3d11.dll
0x00007ffd2a960000 - 0x00007ffd2ab44000 	C:\Windows\system32\dcomp.dll
0x00007ffd2e2c0000 - 0x00007ffd2e3b6000 	C:\Windows\system32\dxgi.dll
0x00007ffd27540000 - 0x00007ffd27743000 	C:\Windows\system32\twinapi.appcore.dll
0x00007ffd238a0000 - 0x00007ffd23999000 	C:\Windows\SYSTEM32\textinputframework.dll
0x00007ffd2b7e0000 - 0x00007ffd2bb3b000 	C:\Windows\System32\CoreUIComponents.dll
0x00007ffd2bb40000 - 0x00007ffd2bc32000 	C:\Windows\System32\CoreMessaging.dll
0x00007ffd2c2f0000 - 0x00007ffd2c447000 	C:\Windows\SYSTEM32\wintypes.dll
0x00007ffd2ecd0000 - 0x00007ffd2ed03000 	C:\Windows\SYSTEM32\ntmarta.dll

JVMTI agents: none

dbghelp: loaded successfully - version: 4.0.5 - missing functions: none
symbol engine: initialized successfully - sym options: 0x614 - pdb path: .;D:\Program Files\Java\jdk-25\bin;C:\Windows\SYSTEM32;C:\Windows\WinSxS\amd64_microsoft.windows.common-controls_6595b64144ccf1df_6.0.19041.6456_none_60b8a6cb71f64256;D:\Program Files\Java\jdk-25\bin\server

VM Arguments:
jvm_args: -Dfile.encoding=UTF-8 --module-path=D:\Netbeans Projects\Java\Discrete_HexToOctal\build\classes 
java_command: HexadecimalToOctal
java_class_path (initial): D:\Netbeans Projects\Java\Discrete_HexToOctal\build\classes
Launcher Type: SUN_STANDARD

[Global flags]
     intx CICompilerCount                          = 3                                         {product} {ergonomic}
     uint ConcGCThreads                            = 1                                         {product} {ergonomic}
     uint G1ConcRefinementThreads                  = 4                                         {product} {ergonomic}
   size_t G1HeapRegionSize                         = 1048576                                   {product} {ergonomic}
   size_t InitialHeapSize                          = 134217728                                 {product} {ergonomic}
   size_t MarkStackSize                            = 4194304                                   {product} {ergonomic}
   size_t MarkStackSizeMax                         = 536870912                                 {product} {ergonomic}
   size_t MaxHeapSize                              = 2116026368                                {product} {ergonomic}
   size_t MaxNewSize                               = 1268776960                                {product} {ergonomic}
   size_t MinHeapDeltaBytes                        = 1048576                                   {product} {ergonomic}
   size_t MinHeapSize                              = 8388608                                   {product} {ergonomic}
    uintx NonNMethodCodeHeapSize                   = 5832704                                {pd product} {ergonomic}
    uintx NonProfiledCodeHeapSize                  = 122945536                              {pd product} {ergonomic}
    uintx ProfiledCodeHeapSize                     = 122880000                              {pd product} {ergonomic}
    uintx ReservedCodeCacheSize                    = 251658240                              {pd product} {ergonomic}
     bool SegmentedCodeCache                       = true                                      {product} {ergonomic}
   size_t SoftMaxHeapSize                          = 2116026368                             {manageable} {ergonomic}
     bool UseCompressedOops                        = true                           {product lp64_product} {ergonomic}
     bool UseG1GC                                  = true                                      {product} {ergonomic}
     bool UseLargePagesIndividualAllocation        = false                                  {pd product} {ergonomic}

Logging:
Log output configuration:
 #0: stdout all=warning uptime,level,tags foldmultilines=false
 #1: stderr all=off uptime,level,tags foldmultilines=false

Release file:
IMPLEMENTOR="Oracle Corporation" 
JAVA_RUNTIME_VERSION="25.0.1+8-LTS-27" 
JAVA_VERSION="25.0.1" 
JAVA_VERSION_DATE="2025-10-21" 
LIBC="default" 
MODULES="java.base java.compiler java.datatransfer java.xml java.prefs java.desktop java.instrument java.logging java.management java.security.sasl java.naming java.rmi java.management.rmi java.net.http java.scripting java.security.jgss java.transaction.xa java.sql java.sql.rowset java.xml.crypto java.se java.smartcardio jdk.accessibility jdk.internal.jvmstat jdk.attach jdk.charsets jdk.internal.opt jdk.zipfs jdk.compiler jdk.crypto.cryptoki jdk.crypto.ec jdk.crypto.mscapi jdk.dynalink jdk.internal.ed jdk.editpad jdk.internal.vm.ci jdk.graal.compiler jdk.graal.compiler.management jdk.hotspot.agent jdk.httpserver jdk.incubator.vector jdk.internal.le jdk.internal.md jdk.jartool jdk.javadoc jdk.jcmd jdk.management jdk.management.agent jdk.jconsole jdk.jdeps jdk.jdwp.agent jdk.jdi jdk.jfr jdk.jlink jdk.jpackage jdk.jshell jdk.jsobject jdk.jstatd jdk.localedata jdk.management.jfr jdk.naming.dns jdk.naming.rmi jdk.net jdk.nio.mapmode jdk.sctp jdk.security.auth jdk.security.jgss jdk.unsupported jdk.unsupported.desktop jdk.xml.dom" 
OS_ARCH="x86_64" 
OS_NAME="Windows" 
SOURCE=".:git:862c85bc42b7 open:git:78770bfaefd2" 

Environment Variables:
PATH=D:\Program Files\bin\;C:\Program Files\Common Files\Oracle\Java\javapath;C:\Program Files\Python313\Scripts\;C:\Program Files\Python313\;C:\ProgramData\Oracle\Java\javapath;C:\Windows\system32;C:\Windows;C:\Windows\System32\Wbem;C:\Windows\System32\WindowsPowerShell\v1.0\;C:\Windows\System32\OpenSSH\;C:\Users\Lenovo\AppData\Local\npm-cache;C:\Users\Lenovo\AppData\Local\Programs\Microsoft VS Code;C:\Program Files\nodejs\;C:\ProgramData\chocolatey\bin;C:\Program Files\Microsoft SQL Server\150\Tools\Binn\;C:\Program Files\dotnet\;D:\Windows Kits\10\Windows Performance Toolkit\;C:\Users\Lenovo\AppData\Local\Microsoft\WindowsApps;C:\modeltech64_2020.4\win64;C:\msys64\ucrt64\bin;C:\Users\Lenovo\AppData\Local\Programs\Microsoft VS Code\bin;C:\Users\Lenovo\AppData\Roaming\Python\Python313\Scripts;C:\Users\Lenovo\AppData\Roaming\Python\Python313;C:\Users\Lenovo\AppData\Roaming\npm;C:\Program Files\nodejs\;C:\Users\Lenovo\.dotnet\tools
USERNAME=Lenovo
OS=Windows_NT
PROCESSOR_IDENTIFIER=Intel64 Family 6 Model 142 Stepping 9, GenuineIntel
TMP=C:\Users\Lenovo\AppData\Local\Temp
TEMP=C:\Users\Lenovo\AppData\Local\Temp




Compilation memory statistics disabled.

Periodic native trim disabled

---------------  S Y S T E M  ---------------

OS:
 Windows 10 , 64 bit Build 19041 (10.0.19041.5915)
OS uptime: 1 days 11:53 hours

CPU: total 4 (initial active 4) (2 cores per cpu, 2 threads per core) family 6 model 142 stepping 9 microcode 0xb4, cx8, cmov, fxsr, ht, mmx, 3dnowpref, sse, sse2, sse3, ssse3, sse4.1, sse4.2, popcnt, lzcnt, tsc, tscinvbit, avx, avx2, aes, erms, clmul, bmi1, bmi2, adx, fma, vzeroupper, clflush, clflushopt, rdtscp, f16c
Processor Information for the first 4 processors :
  Max Mhz: 2712, Current Mhz: 2511, Mhz Limit: 2495

Memory: 4k page, system-wide physical 8066M (700M free)
TotalPageFile size 12636M (AvailPageFile size 0M)
current process WorkingSet (physical memory assigned to process): 78M, peak: 80M
current process commit charge ("private bytes"): 221M, peak: 226M

vm_info: Java HotSpot(TM) 64-Bit Server VM (25.0.1+8-LTS-27) for windows-amd64 JRE (25.0.1+8-LTS-27), built on 2025-09-25T16:41:16Z with unknown MS VC++:1943

END.
